DEBUG 2024-02-14 15:20:08.831 UTC: 	 CRAB Client version: v3.240110
DEBUG 2024-02-14 15:20:08.831 UTC: 	 Running on: Linux lxplus734.cern.ch 3.10.0-1160.105.1.el7.x86_64 #1 SMP Thu Dec 7 15:39:45 UTC 2023 x86_64 x86_64 x86_64 GNU/Linux - CentOS Linux 7 (Core)
DEBUG 2024-02-14 15:20:08.831 UTC: 	 Executing command: 'submit'
DEBUG 2024-02-14 15:20:08.833 UTC: 	 Found CRAB cache file /afs/cern.ch/user/x/xining/.crab3
INFO 2024-02-14 15:20:08.867 UTC: 	 Will use CRAB configuration file crab_py8.py
DEBUG 2024-02-14 15:20:08.867 UTC: 	 Loading CRAB configuration file.
ERROR 2024-02-14 15:20:08.923 UTC: 	 Invalid CRAB confgituation: Parameter JobType.sendPythonFolder has been deprecated. Please remove it
 Reason: Now pythonFolder is always added to sandbox
The documentation about the CRAB configuration file can be found in https://twiki.cern.ch/twiki/bin/view/CMSPublic/CRAB3ConfigurationFile
ERROR 2024-02-14 15:20:08.923 UTC: 	 Caught ClientException exception
Traceback (most recent call last):
  File "/cvmfs/cms.cern.ch/share/cms/crab-prod/v3.240110.01/bin/crab.py", line 152, in <module>
    client()
  File "/cvmfs/cms.cern.ch/share/cms/crab-prod/v3.240110.01/bin/crab.py", line 135, in __call__
    self.cmd = sub_cmd(self.logger, args[1:])
  File "/cvmfs/cms.cern.ch/share/cms/crab-prod/v3.240110.01/lib/CRABClient/Commands/submit.py", line 36, in __init__
    SubCommand.__init__(self, logger, cmdargs, disable_interspersed_args=True)
  File "/cvmfs/cms.cern.ch/share/cms/crab-prod/v3.240110.01/lib/CRABClient/Commands/SubCommand.py", line 325, in __init__
    self.loadConfig(self.options.config, self.args)
  File "/cvmfs/cms.cern.ch/share/cms/crab-prod/v3.240110.01/lib/CRABClient/Commands/SubCommand.py", line 96, in loadConfig
    raise ConfigurationException(configmsg)
ConfigurationException: Invalid CRAB confgituation: Parameter JobType.sendPythonFolder has been deprecated. Please remove it
 Reason: Now pythonFolder is always added to sandbox
The documentation about the CRAB configuration file can be found in https://twiki.cern.ch/twiki/bin/view/CMSPublic/CRAB3ConfigurationFile
INFO 2024-02-14 15:20:09.003 UTC: 	 Log file is /eos/home-x/xining/mcValidation/intrinsickTtune/CMSSW_10_6_28_patch1/src/crab.log
